android-project/app/build/intermediates/manifest_merge_blame_file/release/processReleaseMainManifest/manifest-merger-blame-release-report.txt
1<?xml version="1.0" encoding="utf-8"?>
2<!--
3 Replace com.test.game with the identifier of your game below, e.g.
4     com.gamemaker.game
5-->
6<manifest xmlns:android="http://schemas.android.com/apk/res/android"
7    package="org.libsdl.app"
8    android:installLocation="auto"
9    android:versionCode="1"
10    android:versionName="1.0" >
11
12    <uses-sdk
13        android:minSdkVersion="31"
14        android:targetSdkVersion="35" />
15
16    <!-- Access external storage -->
17    <uses-permission android:name="android.permission.MANAGE_EXTERNAL_STORAGE" />
17-->src/main/AndroidManifest.xml:11:5-82
17-->src/main/AndroidManifest.xml:11:22-79
18    <uses-permission android:name="android.permission.READ_EXTERNAL_STORAGE" />
18-->src/main/AndroidManifest.xml:12:5-80
18-->src/main/AndroidManifest.xml:12:22-77
19    <uses-permission android:name="android.permission.WRITE_EXTERNAL_STORAGE" />
19-->src/main/AndroidManifest.xml:13:5-81
19-->src/main/AndroidManifest.xml:13:22-78
20
21    <!-- OpenGL ES 2.0 -->
22    <uses-feature android:glEsVersion="0x00020000" />
22-->src/main/AndroidManifest.xml:16:5-54
22-->src/main/AndroidManifest.xml:16:19-51
23
24    <!-- Touchscreen support -->
25    <uses-feature
25-->src/main/AndroidManifest.xml:19:5-21:36
26        android:name="android.hardware.touchscreen"
26-->src/main/AndroidManifest.xml:20:9-52
27        android:required="false" />
27-->src/main/AndroidManifest.xml:21:9-33
28
29    <!-- Game controller support -->
30    <uses-feature
30-->src/main/AndroidManifest.xml:24:5-26:36
31        android:name="android.hardware.bluetooth"
31-->src/main/AndroidManifest.xml:25:9-50
32        android:required="false" />
32-->src/main/AndroidManifest.xml:26:9-33
33    <uses-feature
33-->src/main/AndroidManifest.xml:27:5-29:36
34        android:name="android.hardware.gamepad"
34-->src/main/AndroidManifest.xml:28:9-48
35        android:required="false" />
35-->src/main/AndroidManifest.xml:29:9-33
36    <uses-feature
36-->src/main/AndroidManifest.xml:30:5-32:36
37        android:name="android.hardware.usb.host"
37-->src/main/AndroidManifest.xml:31:9-49
38        android:required="false" />
38-->src/main/AndroidManifest.xml:32:9-33
39
40    <!-- External mouse input events -->
41    <uses-feature
41-->src/main/AndroidManifest.xml:35:5-37:36
42        android:name="android.hardware.type.pc"
42-->src/main/AndroidManifest.xml:36:9-48
43        android:required="false" />
43-->src/main/AndroidManifest.xml:37:9-33
44
45    <!-- Audio recording support -->
46    <!-- if you want to capture audio, uncomment this. -->
47    <!--
48         <uses-feature
49        android:name="android.hardware.microphone"
50        android:required="false" />
51    -->
52
53
54    <!-- Allow downloading to the external storage on Android 5.1 and older -->
55    <!-- <uses-permission android:name="android.permission.WRITE_EXTERNAL_STORAGE" android:maxSdkVersion="22" /> -->
56
57
58    <!-- Allow access to Bluetooth devices -->
59    <!-- Currently this is just for Steam Controller support and requires setting SDL_HINT_JOYSTICK_HIDAPI_STEAM -->
60    <!-- <uses-permission android:name="android.permission.BLUETOOTH" android:maxSdkVersion="30" /> -->
61    <!-- <uses-permission android:name="android.permission.BLUETOOTH_CONNECT" /> -->
62
63
64    <!-- Allow access to the vibrator -->
65    <uses-permission android:name="android.permission.VIBRATE" />
65-->src/main/AndroidManifest.xml:54:5-66
65-->src/main/AndroidManifest.xml:54:22-63
66
67    <!-- if you want to capture audio, uncomment this. -->
68    <!-- <uses-permission android:name="android.permission.RECORD_AUDIO" /> -->
69    <!--
70 Create a Java class extending SDLActivity and place it in a
71         directory under app/src/main/java matching the package, e.g. app/src/main/java/com/gamemaker/game/MyGame.java
72
73         then replace "SDLActivity" with the name of your class (e.g. "MyGame")
74         in the XML below.
75
76         An example Java class can be found in README-android.md
77    -->
78    <application
78-->src/main/AndroidManifest.xml:67:5-102:19
79        android:allowBackup="true"
79-->src/main/AndroidManifest.xml:69:9-35
80        android:extractNativeLibs="false"
81        android:hardwareAccelerated="true"
81-->src/main/AndroidManifest.xml:71:9-43
82        android:icon="@mipmap/ic_launcher"
82-->src/main/AndroidManifest.xml:68:9-43
83        android:label="@string/app_name"
83-->src/main/AndroidManifest.xml:67:18-50
84        android:theme="@android:style/Theme.NoTitleBar.Fullscreen" >
84-->src/main/AndroidManifest.xml:70:9-67
85
86        <!--
87        Example of setting SDL hints from AndroidManifest.xml:
88        <meta-data android:name="SDL_ENV.SDL_ACCELEROMETER_AS_JOYSTICK" android:value="0"/>
89        -->
90
91        <activity
91-->src/main/AndroidManifest.xml:77:9-101:20
92            android:name="org.libsdl.app.SDLActivity"
92-->src/main/AndroidManifest.xml:77:19-45
93            android:alwaysRetainTaskState="true"
93-->src/main/AndroidManifest.xml:79:13-49
94            android:configChanges="layoutDirection|locale|orientation|uiMode|screenLayout|screenSize|smallestScreenSize|keyboard|keyboardHidden|navigation"
94-->src/main/AndroidManifest.xml:81:13-156
95            android:exported="true"
95-->src/main/AndroidManifest.xml:83:13-36
96            android:label="@string/app_name"
96-->src/main/AndroidManifest.xml:78:13-45
97            android:launchMode="singleInstance"
97-->src/main/AndroidManifest.xml:80:13-48
98            android:preferMinimalPostProcessing="true" >
98-->src/main/AndroidManifest.xml:82:13-55
99            <intent-filter>
99-->src/main/AndroidManifest.xml:85:13-88:29
100                <action android:name="android.intent.action.MAIN" />
100-->src/main/AndroidManifest.xml:86:17-69
100-->src/main/AndroidManifest.xml:86:25-66
101
102                <category android:name="android.intent.category.LAUNCHER" />
102-->src/main/AndroidManifest.xml:87:17-77
102-->src/main/AndroidManifest.xml:87:27-74
103            </intent-filter>
104            <!-- Let Android know that we can handle some USB devices and should receive this event -->
105            <intent-filter>
105-->src/main/AndroidManifest.xml:90:13-92:29
106                <action android:name="android.hardware.usb.action.USB_DEVICE_ATTACHED" />
106-->src/main/AndroidManifest.xml:91:17-90
106-->src/main/AndroidManifest.xml:91:25-87
107            </intent-filter>
108            <!-- Drop file event -->
109            <!--
110            <intent-filter>
111                <action android:name="android.intent.action.VIEW" />
112                <category android:name="android.intent.category.DEFAULT" />
113                <data android:mimeType="*/*" />
114            </intent-filter>
115            -->
116        </activity>
117    </application>
118
119</manifest>